1507127856684	geckodriver	INFO	Listening on 127.0.0.1:54881
1507127857724	geckodriver::marionette	INFO	Starting browser /Applications/Firefox.app/Contents/MacOS/firefox-bin with args ["-marionette"]
1507127858022	addons.xpi	WARN	Error parsing extensions state: [Exception... "Component returned failure code: 0x80520012 (NS_ERROR_FILE_NOT_FOUND) [amIAddonManagerStartup.readStartupData]"  nsresult: "0x80520012 (NS_ERROR_FILE_NOT_FOUND)"  location: "JS frame :: resource://gre/modules/addons/XPIProvider.jsm :: loadExtensionState :: line 1554"  data: no] Stack trace: loadExtensionState()@resource://gre/modules/addons/XPIProvider.jsm:1554 < getInstallState()@resource://gre/modules/addons/XPIProvider.jsm:1589 < checkForChanges()@resource://gre/modules/addons/XPIProvider.jsm:3109 < startup()@resource://gre/modules/addons/XPIProvider.jsm:2188 < callProvider()@resource://gre/modules/AddonManager.jsm:269 < _startProvider()@resource://gre/modules/AddonManager.jsm:739 < startup()@resource://gre/modules/AddonManager.jsm:906 < startup()@resource://gre/modules/AddonManager.jsm:3090 < observe()@jar:file:///Applications/Firefox.app/Contents/Resources/omni.ja!/components/addonManager.js:65
1507127858335	Marionette	INFO	Enabled via --marionette
2017-10-04 23:37:39.201 plugin-container[4243:1030423] *** CFMessagePort: bootstrap_register(): failed 1100 (0x44c) 'Permission denied', port = 0xa33b, name = 'com.apple.tsm.portname'
See /usr/include/servers/bootstrap_defs.h for the error codes.
2017-10-04 23:37:39.202 plugin-container[4243:1030423] *** CFMessagePort: bootstrap_register(): failed 1100 (0x44c) 'Permission denied', port = 0xa603, name = 'com.apple.CFPasteboardClient'
See /usr/include/servers/bootstrap_defs.h for the error codes.
1507127859539	Marionette	INFO	Listening on port 54890
1507127859592	Marionette	WARN	TLS certificate errors will be ignored for this session
1507127859619	Marionette	DEBUG	Register listener.js for window 2147483649
1507127859634	Marionette	DEBUG	Received DOM event "beforeunload" for "about:blank"
1507127860027	Marionette	DEBUG	Received DOM event "pagehide" for "about:blank"
1507127860027	Marionette	DEBUG	Received DOM event "unload" for "about:blank"
1507127860150	Marionette	DEBUG	Received DOM event "DOMContentLoaded" for "https://www.google.co.jp/?gfe_rd=cr&dcr=0&ei=NPLUWazGOPTZ8AfT47L4CQ&gws_rd=ssl"
1507127860474	Marionette	DEBUG	Received observer notification "outer-window-destroyed" for "2147483653"
1507127860603	Marionette	DEBUG	Received DOM event "pageshow" for "https://www.google.co.jp/?gfe_rd=cr&dcr=0&ei=NPLUWazGOPTZ8AfT47L4CQ&gws_rd=ssl"
2017-10-04 23:37:43.147 firefox-bin[4242:1030275] IMKInputSession presentFunctionRowItemTextInputViewWithEndpoint:completionHandler: : [self textInputContext]=0x130a3d280 *NO* NSRemoteViewController to client, NSError=Error Domain=NSCocoaErrorDomain Code=4097 "connection from pid 0" UserInfo={NSDebugDescription=connection from pid 0}, com.apple.inputmethod.Kotoeri
2017-10-04 23:37:43.148 firefox-bin[4242:1030275] IMKInputSession presentFunctionRowItemTextInputViewWithEndpoint:completionHandler: : [self textInputContext]=0x130a3d280 *NO* NSRemoteViewController to client, NSError=Error Domain=NSCocoaErrorDomain Code=4097 "connection from pid 0" UserInfo={NSDebugDescription=connection from pid 0}, com.apple.inputmethod.EmojiFunctionRowItem
2017-10-04 23:37:43.204 firefox-bin[4242:1030275] IMKInputSession presentFunctionRowItemTextInputViewWithEndpoint:completionHandler: : [self textInputContext]=0x130a3d280 *NO* NSRemoteViewController to client, NSError=Error Domain=NSCocoaErrorDomain Code=4097 "connection from pid 0" UserInfo={NSDebugDescription=connection from pid 0}, com.apple.inputmethod.Kotoeri
1507127966342	geckodriver	INFO	Listening on 127.0.0.1:54967
1507127967378	geckodriver::marionette	INFO	Starting browser /Applications/Firefox.app/Contents/MacOS/firefox-bin with args ["-marionette"]
1507127967583	addons.xpi	WARN	Error parsing extensions state: [Exception... "Component returned failure code: 0x80520012 (NS_ERROR_FILE_NOT_FOUND) [amIAddonManagerStartup.readStartupData]"  nsresult: "0x80520012 (NS_ERROR_FILE_NOT_FOUND)"  location: "JS frame :: resource://gre/modules/addons/XPIProvider.jsm :: loadExtensionState :: line 1554"  data: no] Stack trace: loadExtensionState()@resource://gre/modules/addons/XPIProvider.jsm:1554 < getInstallState()@resource://gre/modules/addons/XPIProvider.jsm:1589 < checkForChanges()@resource://gre/modules/addons/XPIProvider.jsm:3109 < startup()@resource://gre/modules/addons/XPIProvider.jsm:2188 < callProvider()@resource://gre/modules/AddonManager.jsm:269 < _startProvider()@resource://gre/modules/AddonManager.jsm:739 < startup()@resource://gre/modules/AddonManager.jsm:906 < startup()@resource://gre/modules/AddonManager.jsm:3090 < observe()@jar:file:///Applications/Firefox.app/Contents/Resources/omni.ja!/components/addonManager.js:65
1507127967842	Marionette	INFO	Enabled via --marionette
2017-10-04 23:39:28.482 plugin-container[4297:1032099] *** CFMessagePort: bootstrap_register(): failed 1100 (0x44c) 'Permission denied', port = 0xa237, name = 'com.apple.tsm.portname'
See /usr/include/servers/bootstrap_defs.h for the error codes.
2017-10-04 23:39:28.483 plugin-container[4297:1032099] *** CFMessagePort: bootstrap_register(): failed 1100 (0x44c) 'Permission denied', port = 0xa503, name = 'com.apple.CFPasteboardClient'
See /usr/include/servers/bootstrap_defs.h for the error codes.
1507127968854	Marionette	INFO	Listening on port 54976
1507127968932	Marionette	WARN	TLS certificate errors will be ignored for this session
1507127968963	Marionette	DEBUG	Register listener.js for window 2147483649
1507127968975	Marionette	DEBUG	Received DOM event "beforeunload" for "about:blank"
1507127969363	Marionette	DEBUG	Received DOM event "pagehide" for "about:blank"
1507127969363	Marionette	DEBUG	Received DOM event "unload" for "about:blank"
1507127969479	Marionette	DEBUG	Received DOM event "DOMContentLoaded" for "https://www.google.co.jp/?gfe_rd=cr&dcr=0&ei=ovLUWeDxD-zZ8AewvaHYCg&gws_rd=ssl"
1507127969772	Marionette	DEBUG	Received observer notification "outer-window-destroyed" for "2147483653"
1507127969916	Marionette	DEBUG	Received DOM event "pageshow" for "https://www.google.co.jp/?gfe_rd=cr&dcr=0&ei=ovLUWeDxD-zZ8AewvaHYCg&gws_rd=ssl"
1507128010496	geckodriver	INFO	Listening on 127.0.0.1:55091
1507128011543	geckodriver::marionette	INFO	Starting browser /Applications/Firefox.app/Contents/MacOS/firefox-bin with args ["-marionette"]
1507128011739	addons.xpi	WARN	Error parsing extensions state: [Exception... "Component returned failure code: 0x80520012 (NS_ERROR_FILE_NOT_FOUND) [amIAddonManagerStartup.readStartupData]"  nsresult: "0x80520012 (NS_ERROR_FILE_NOT_FOUND)"  location: "JS frame :: resource://gre/modules/addons/XPIProvider.jsm :: loadExtensionState :: line 1554"  data: no] Stack trace: loadExtensionState()@resource://gre/modules/addons/XPIProvider.jsm:1554 < getInstallState()@resource://gre/modules/addons/XPIProvider.jsm:1589 < checkForChanges()@resource://gre/modules/addons/XPIProvider.jsm:3109 < startup()@resource://gre/modules/addons/XPIProvider.jsm:2188 < callProvider()@resource://gre/modules/AddonManager.jsm:269 < _startProvider()@resource://gre/modules/AddonManager.jsm:739 < startup()@resource://gre/modules/AddonManager.jsm:906 < startup()@resource://gre/modules/AddonManager.jsm:3090 < observe()@jar:file:///Applications/Firefox.app/Contents/Resources/omni.ja!/components/addonManager.js:65
1507128011998	Marionette	INFO	Enabled via --marionette
2017-10-04 23:40:12.665 plugin-container[4327:1033600] *** CFMessagePort: bootstrap_register(): failed 1100 (0x44c) 'Permission denied', port = 0xa33b, name = 'com.apple.tsm.portname'
See /usr/include/servers/bootstrap_defs.h for the error codes.
2017-10-04 23:40:12.665 plugin-container[4327:1033600] *** CFMessagePort: bootstrap_register(): failed 1100 (0x44c) 'Permission denied', port = 0xa603, name = 'com.apple.CFPasteboardClient'
See /usr/include/servers/bootstrap_defs.h for the error codes.
1507128013059	Marionette	INFO	Listening on port 55100
1507128013103	Marionette	WARN	TLS certificate errors will be ignored for this session
1507128013134	Marionette	DEBUG	Register listener.js for window 2147483649
1507128013146	Marionette	DEBUG	Received DOM event "beforeunload" for "about:blank"
1507128013534	Marionette	DEBUG	Received DOM event "pagehide" for "about:blank"
1507128013535	Marionette	DEBUG	Received DOM event "unload" for "about:blank"
1507128013657	Marionette	DEBUG	Received DOM event "DOMContentLoaded" for "https://www.google.co.jp/?gfe_rd=cr&dcr=0&ei=zvLUWanHGuPZ8Aet95nwDQ&gws_rd=ssl"
1507128013933	Marionette	DEBUG	Received observer notification "outer-window-destroyed" for "2147483653"
1507128014068	Marionette	DEBUG	Received DOM event "pageshow" for "https://www.google.co.jp/?gfe_rd=cr&dcr=0&ei=zvLUWanHGuPZ8Aet95nwDQ&gws_rd=ssl"
2017-10-04 23:40:20.688 firefox-bin[4242:1030275] IMKInputSession presentFunctionRowItemTextInputViewWithEndpoint:completionHandler: : [self textInputContext]=0x110fb3b20 *NO* NSRemoteViewController to client, NSError=Error Domain=NSCocoaErrorDomain Code=4097 "connection from pid 0" UserInfo={NSDebugDescription=connection from pid 0}, com.apple.inputmethod.Kotoeri
2017-10-04 23:40:20.692 firefox-bin[4242:1030275] IMKInputSession presentFunctionRowItemTextInputViewWithEndpoint:completionHandler: : [self textInputContext]=0x110fb3b20 *NO* NSRemoteViewController to client, NSError=Error Domain=NSCocoaErrorDomain Code=4097 "connection from pid 0" UserInfo={NSDebugDescription=connection from pid 0}, com.apple.inputmethod.Kotoeri
2017-10-04 23:40:20.699 firefox-bin[4242:1030275] IMKInputSession presentFunctionRowItemTextInputViewWithEndpoint:completionHandler: : [self textInputContext]=0x110fb3b20 *NO* NSRemoteViewController to client, NSError=Error Domain=NSCocoaErrorDomain Code=4097 "connection from pid 0" UserInfo={NSDebugDescription=connection from pid 0}, com.apple.inputmethod.EmojiFunctionRowItem
2017-10-04 23:40:20.802 plugin-container[4331:1033817] *** CFMessagePort: bootstrap_register(): failed 1100 (0x44c) 'Permission denied', port = 0xa13f, name = 'com.apple.tsm.portname'
See /usr/include/servers/bootstrap_defs.h for the error codes.
2017-10-04 23:40:20.804 plugin-container[4331:1033817] *** CFMessagePort: bootstrap_register(): failed 1100 (0x44c) 'Permission denied', port = 0xa603, name = 'com.apple.CFPasteboardClient'
See /usr/include/servers/bootstrap_defs.h for the error codes.
2017-10-04 23:40:20.863 firefox-bin[4242:1030275] IMKInputSession presentFunctionRowItemTextInputViewWithEndpoint:completionHandler: : [self textInputContext]=0x110fb3b20 *NO* NSRemoteViewController to client, NSError=Error Domain=NSCocoaErrorDomain Code=4097 "connection from pid 0" UserInfo={NSDebugDescription=connection from pid 0}, com.apple.inputmethod.Kotoeri
2017-10-04 23:40:20.866 firefox-bin[4242:1030275] IMKInputSession presentFunctionRowItemTextInputViewWithEndpoint:completionHandler: : [self textInputContext]=0x110fb3b20 *NO* NSRemoteViewController to client, NSError=Error Domain=NSCocoaErrorDomain Code=4097 "connection from pid 0" UserInfo={NSDebugDescription=connection from pid 0}, com.apple.inputmethod.Kotoeri
2017-10-04 23:40:20.880 firefox-bin[4242:1030275] IMKInputSession presentFunctionRowItemTextInputViewWithEndpoint:completionHandler: : [self textInputContext]=0x110fb3b20 *NO* NSRemoteViewController to client, NSError=Error Domain=NSCocoaErrorDomain Code=4097 "connection from pid 0" UserInfo={NSDebugDescription=connection from pid 0}, com.apple.inputmethod.EmojiFunctionRowItem
2017-10-04 23:40:24.241 firefox-bin[4295:1031999] IMKInputSession presentFunctionRowItemTextInputViewWithEndpoint:completionHandler: : [self textInputContext]=0x11595f040 *NO* NSRemoteViewController to client, NSError=Error Domain=NSCocoaErrorDomain Code=4097 "connection from pid 0" UserInfo={NSDebugDescription=connection from pid 0}, com.apple.inputmethod.Kotoeri
2017-10-04 23:40:24.245 firefox-bin[4295:1031999] IMKInputSession presentFunctionRowItemTextInputViewWithEndpoint:completionHandler: : [self textInputContext]=0x11595f040 *NO* NSRemoteViewController to client, NSError=Error Domain=NSCocoaErrorDomain Code=4097 "connection from pid 0" UserInfo={NSDebugDescription=connection from pid 0}, com.apple.inputmethod.Kotoeri
2017-10-04 23:40:24.252 firefox-bin[4295:1031999] IMKInputSession presentFunctionRowItemTextInputViewWithEndpoint:completionHandler: : [self textInputContext]=0x11595f040 *NO* NSRemoteViewController to client, NSError=Error Domain=NSCocoaErrorDomain Code=4097 "connection from pid 0" UserInfo={NSDebugDescription=connection from pid 0}, com.apple.inputmethod.EmojiFunctionRowItem
*** UTM:SVC TimerManager:registerTimer called after profile-before-change notification. Ignoring timer registration for id: telemetry_modules_ping
1507128047260	geckodriver	INFO	Listening on 127.0.0.1:55166
1507128048317	geckodriver::marionette	INFO	Starting browser /Applications/Firefox.app/Contents/MacOS/firefox-bin with args ["-marionette"]
1507128048528	addons.xpi	WARN	Error parsing extensions state: [Exception... "Component returned failure code: 0x80520012 (NS_ERROR_FILE_NOT_FOUND) [amIAddonManagerStartup.readStartupData]"  nsresult: "0x80520012 (NS_ERROR_FILE_NOT_FOUND)"  location: "JS frame :: resource://gre/modules/addons/XPIProvider.jsm :: loadExtensionState :: line 1554"  data: no] Stack trace: loadExtensionState()@resource://gre/modules/addons/XPIProvider.jsm:1554 < getInstallState()@resource://gre/modules/addons/XPIProvider.jsm:1589 < checkForChanges()@resource://gre/modules/addons/XPIProvider.jsm:3109 < startup()@resource://gre/modules/addons/XPIProvider.jsm:2188 < callProvider()@resource://gre/modules/AddonManager.jsm:269 < _startProvider()@resource://gre/modules/AddonManager.jsm:739 < startup()@resource://gre/modules/AddonManager.jsm:906 < startup()@resource://gre/modules/AddonManager.jsm:3090 < observe()@jar:file:///Applications/Firefox.app/Contents/Resources/omni.ja!/components/addonManager.js:65
1507128048786	Marionette	INFO	Enabled via --marionette
2017-10-04 23:40:49.379 plugin-container[4361:1034408] *** CFMessagePort: bootstrap_register(): failed 1100 (0x44c) 'Permission denied', port = 0xa13b, name = 'com.apple.tsm.portname'
See /usr/include/servers/bootstrap_defs.h for the error codes.
2017-10-04 23:40:49.380 plugin-container[4361:1034408] *** CFMessagePort: bootstrap_register(): failed 1100 (0x44c) 'Permission denied', port = 0xa403, name = 'com.apple.CFPasteboardClient'
See /usr/include/servers/bootstrap_defs.h for the error codes.
1507128049944	Marionette	INFO	Listening on port 55175
1507128049986	Marionette	WARN	TLS certificate errors will be ignored for this session
1507128050015	Marionette	DEBUG	Register listener.js for window 2147483649
1507128050027	Marionette	DEBUG	Received DOM event "beforeunload" for "about:blank"
1507128050400	Marionette	DEBUG	Received DOM event "pagehide" for "about:blank"
1507128050401	Marionette	DEBUG	Received DOM event "unload" for "about:blank"
1507128050492	Marionette	DEBUG	Received DOM event "DOMContentLoaded" for "https://www.google.co.jp/?gfe_rd=cr&dcr=0&ei=8_LUWdisE-7Z8Aen95a4AQ&gws_rd=ssl"
1507128050786	Marionette	DEBUG	Received observer notification "outer-window-destroyed" for "2147483653"
1507128050940	Marionette	DEBUG	Received DOM event "pageshow" for "https://www.google.co.jp/?gfe_rd=cr&dcr=0&ei=8_LUWdisE-7Z8Aen95a4AQ&gws_rd=ssl"
1507128065594	geckodriver	INFO	Listening on 127.0.0.1:55243
1507128066630	geckodriver::marionette	INFO	Starting browser /Applications/Firefox.app/Contents/MacOS/firefox-bin with args ["-marionette"]
1507128066825	addons.xpi	WARN	Error parsing extensions state: [Exception... "Component returned failure code: 0x80520012 (NS_ERROR_FILE_NOT_FOUND) [amIAddonManagerStartup.readStartupData]"  nsresult: "0x80520012 (NS_ERROR_FILE_NOT_FOUND)"  location: "JS frame :: resource://gre/modules/addons/XPIProvider.jsm :: loadExtensionState :: line 1554"  data: no] Stack trace: loadExtensionState()@resource://gre/modules/addons/XPIProvider.jsm:1554 < getInstallState()@resource://gre/modules/addons/XPIProvider.jsm:1589 < checkForChanges()@resource://gre/modules/addons/XPIProvider.jsm:3109 < startup()@resource://gre/modules/addons/XPIProvider.jsm:2188 < callProvider()@resource://gre/modules/AddonManager.jsm:269 < _startProvider()@resource://gre/modules/AddonManager.jsm:739 < startup()@resource://gre/modules/AddonManager.jsm:906 < startup()@resource://gre/modules/AddonManager.jsm:3090 < observe()@jar:file:///Applications/Firefox.app/Contents/Resources/omni.ja!/components/addonManager.js:65
1507128067092	Marionette	INFO	Enabled via --marionette
2017-10-04 23:41:07.810 plugin-container[4386:1035136] *** CFMessagePort: bootstrap_register(): failed 1100 (0x44c) 'Permission denied', port = 0xa33b, name = 'com.apple.tsm.portname'
See /usr/include/servers/bootstrap_defs.h for the error codes.
2017-10-04 23:41:07.810 plugin-container[4386:1035136] *** CFMessagePort: bootstrap_register(): failed 1100 (0x44c) 'Permission denied', port = 0xa603, name = 'com.apple.CFPasteboardClient'
See /usr/include/servers/bootstrap_defs.h for the error codes.
1507128068103	Marionette	INFO	Listening on port 55252
1507128068190	Marionette	WARN	TLS certificate errors will be ignored for this session
1507128068221	Marionette	DEBUG	Register listener.js for window 2147483649
1507128068234	Marionette	DEBUG	Received DOM event "beforeunload" for "about:blank"
1507128068610	Marionette	DEBUG	Received DOM event "pagehide" for "about:blank"
1507128068610	Marionette	DEBUG	Received DOM event "unload" for "about:blank"
1507128068718	Marionette	DEBUG	Received DOM event "DOMContentLoaded" for "https://www.google.co.jp/?gfe_rd=cr&dcr=0&ei=BfPUWZnpH-HZ8AfjmZjwBg&gws_rd=ssl"
1507128069024	Marionette	DEBUG	Received observer notification "outer-window-destroyed" for "2147483653"
1507128069158	Marionette	DEBUG	Received DOM event "pageshow" for "https://www.google.co.jp/?gfe_rd=cr&dcr=0&ei=BfPUWZnpH-HZ8AfjmZjwBg&gws_rd=ssl"
1507128101092	geckodriver	INFO	Listening on 127.0.0.1:55320
1507128102129	geckodriver::marionette	INFO	Starting browser /Applications/Firefox.app/Contents/MacOS/firefox-bin with args ["-marionette"]
1507128102355	addons.xpi	WARN	Error parsing extensions state: [Exception... "Component returned failure code: 0x80520012 (NS_ERROR_FILE_NOT_FOUND) [amIAddonManagerStartup.readStartupData]"  nsresult: "0x80520012 (NS_ERROR_FILE_NOT_FOUND)"  location: "JS frame :: resource://gre/modules/addons/XPIProvider.jsm :: loadExtensionState :: line 1554"  data: no] Stack trace: loadExtensionState()@resource://gre/modules/addons/XPIProvider.jsm:1554 < getInstallState()@resource://gre/modules/addons/XPIProvider.jsm:1589 < checkForChanges()@resource://gre/modules/addons/XPIProvider.jsm:3109 < startup()@resource://gre/modules/addons/XPIProvider.jsm:2188 < callProvider()@resource://gre/modules/AddonManager.jsm:269 < _startProvider()@resource://gre/modules/AddonManager.jsm:739 < startup()@resource://gre/modules/AddonManager.jsm:906 < startup()@resource://gre/modules/AddonManager.jsm:3090 < observe()@jar:file:///Applications/Firefox.app/Contents/Resources/omni.ja!/components/addonManager.js:65
1507128102599	Marionette	INFO	Enabled via --marionette
2017-10-04 23:41:43.311 plugin-container[4413:1036103] *** CFMessagePort: bootstrap_register(): failed 1100 (0x44c) 'Permission denied', port = 0xa33b, name = 'com.apple.tsm.portname'
See /usr/include/servers/bootstrap_defs.h for the error codes.
2017-10-04 23:41:43.311 plugin-container[4413:1036103] *** CFMessagePort: bootstrap_register(): failed 1100 (0x44c) 'Permission denied', port = 0xa603, name = 'com.apple.CFPasteboardClient'
See /usr/include/servers/bootstrap_defs.h for the error codes.
1507128103648	Marionette	INFO	Listening on port 55329
1507128103677	Marionette	WARN	TLS certificate errors will be ignored for this session
1507128103705	Marionette	DEBUG	Register listener.js for window 2147483649
1507128103728	Marionette	DEBUG	Received DOM event "beforeunload" for "about:blank"
1507128104125	Marionette	DEBUG	Received DOM event "pagehide" for "about:blank"
1507128104126	Marionette	DEBUG	Received DOM event "unload" for "about:blank"
1507128104213	Marionette	DEBUG	Received DOM event "DOMContentLoaded" for "https://www.google.co.jp/?gfe_rd=cr&dcr=0&ei=KfPUWeurAfDZ8Ael4qOICA&gws_rd=ssl"
1507128104513	Marionette	DEBUG	Received observer notification "outer-window-destroyed" for "2147483653"
1507128104653	Marionette	DEBUG	Received DOM event "pageshow" for "https://www.google.co.jp/?gfe_rd=cr&dcr=0&ei=KfPUWeurAfDZ8Ael4qOICA&gws_rd=ssl"
2017-10-04 23:41:47.605 firefox-bin[4360:1034321] IMKInputSession presentFunctionRowItemTextInputViewWithEndpoint:completionHandler: : [self textInputContext]=0x1126879a0 *NO* NSRemoteViewController to client, NSError=Error Domain=NSCocoaErrorDomain Code=4097 "connection from pid 0" UserInfo={NSDebugDescription=connection from pid 0}, com.apple.inputmethod.Kotoeri
2017-10-04 23:41:47.608 firefox-bin[4360:1034321] IMKInputSession presentFunctionRowItemTextInputViewWithEndpoint:completionHandler: : [self textInputContext]=0x1126879a0 *NO* NSRemoteViewController to client, NSError=Error Domain=NSCocoaErrorDomain Code=4097 "connection from pid 0" UserInfo={NSDebugDescription=connection from pid 0}, com.apple.inputmethod.Kotoeri
2017-10-04 23:41:47.615 firefox-bin[4360:1034321] IMKInputSession presentFunctionRowItemTextInputViewWithEndpoint:completionHandler: : [self textInputContext]=0x1126879a0 *NO* NSRemoteViewController to client, NSError=Error Domain=NSCocoaErrorDomain Code=4097 "connection from pid 0" UserInfo={NSDebugDescription=connection from pid 0}, com.apple.inputmethod.EmojiFunctionRowItem
*** UTM:SVC TimerManager:registerTimer called after profile-before-change notification. Ignoring timer registration for id: telemetry_modules_ping
*** UTM:SVC TimerManager:registerTimer called after profile-before-change notification. Ignoring timer registration for id: telemetry_modules_ping
1507128167263	geckodriver	INFO	Listening on 127.0.0.1:55400
1507128168299	geckodriver::marionette	INFO	Starting browser /Applications/Firefox.app/Contents/MacOS/firefox-bin with args ["-marionette"]
1507128168506	addons.xpi	WARN	Error parsing extensions state: [Exception... "Component returned failure code: 0x80520012 (NS_ERROR_FILE_NOT_FOUND) [amIAddonManagerStartup.readStartupData]"  nsresult: "0x80520012 (NS_ERROR_FILE_NOT_FOUND)"  location: "JS frame :: resource://gre/modules/addons/XPIProvider.jsm :: loadExtensionState :: line 1554"  data: no] Stack trace: loadExtensionState()@resource://gre/modules/addons/XPIProvider.jsm:1554 < getInstallState()@resource://gre/modules/addons/XPIProvider.jsm:1589 < checkForChanges()@resource://gre/modules/addons/XPIProvider.jsm:3109 < startup()@resource://gre/modules/addons/XPIProvider.jsm:2188 < callProvider()@resource://gre/modules/AddonManager.jsm:269 < _startProvider()@resource://gre/modules/AddonManager.jsm:739 < startup()@resource://gre/modules/AddonManager.jsm:906 < startup()@resource://gre/modules/AddonManager.jsm:3090 < observe()@jar:file:///Applications/Firefox.app/Contents/Resources/omni.ja!/components/addonManager.js:65
1507128168772	Marionette	INFO	Enabled via --marionette
2017-10-04 23:42:49.480 plugin-container[4455:1037309] *** CFMessagePort: bootstrap_register(): failed 1100 (0x44c) 'Permission denied', port = 0xa33b, name = 'com.apple.tsm.portname'
See /usr/include/servers/bootstrap_defs.h for the error codes.
2017-10-04 23:42:49.481 plugin-container[4455:1037309] *** CFMessagePort: bootstrap_register(): failed 1100 (0x44c) 'Permission denied', port = 0xa603, name = 'com.apple.CFPasteboardClient'
See /usr/include/servers/bootstrap_defs.h for the error codes.
1507128169772	Marionette	INFO	Listening on port 55409
1507128169866	Marionette	WARN	TLS certificate errors will be ignored for this session
1507128169894	Marionette	DEBUG	Register listener.js for window 2147483649
1507128169905	Marionette	DEBUG	Received DOM event "beforeunload" for "about:blank"
1507128170280	Marionette	DEBUG	Received DOM event "pagehide" for "about:blank"
1507128170280	Marionette	DEBUG	Received DOM event "unload" for "about:blank"
1507128170364	Marionette	DEBUG	Received DOM event "DOMContentLoaded" for "https://www.google.co.jp/?gfe_rd=cr&dcr=0&ei=a_PUWbXNC_PZ8AeDu5uABg&gws_rd=ssl"
1507128170650	Marionette	DEBUG	Received observer notification "outer-window-destroyed" for "2147483653"
1507128170791	Marionette	DEBUG	Received DOM event "pageshow" for "https://www.google.co.jp/?gfe_rd=cr&dcr=0&ei=a_PUWbXNC_PZ8AeDu5uABg&gws_rd=ssl"
1507128452507	geckodriver	INFO	Listening on 127.0.0.1:55631
1507128453543	geckodriver::marionette	INFO	Starting browser /Applications/Firefox.app/Contents/MacOS/firefox-bin with args ["-marionette"]
1507128453764	addons.xpi	WARN	Error parsing extensions state: [Exception... "Component returned failure code: 0x80520012 (NS_ERROR_FILE_NOT_FOUND) [amIAddonManagerStartup.readStartupData]"  nsresult: "0x80520012 (NS_ERROR_FILE_NOT_FOUND)"  location: "JS frame :: resource://gre/modules/addons/XPIProvider.jsm :: loadExtensionState :: line 1554"  data: no] Stack trace: loadExtensionState()@resource://gre/modules/addons/XPIProvider.jsm:1554 < getInstallState()@resource://gre/modules/addons/XPIProvider.jsm:1589 < checkForChanges()@resource://gre/modules/addons/XPIProvider.jsm:3109 < startup()@resource://gre/modules/addons/XPIProvider.jsm:2188 < callProvider()@resource://gre/modules/AddonManager.jsm:269 < _startProvider()@resource://gre/modules/AddonManager.jsm:739 < startup()@resource://gre/modules/AddonManager.jsm:906 < startup()@resource://gre/modules/AddonManager.jsm:3090 < observe()@jar:file:///Applications/Firefox.app/Contents/Resources/omni.ja!/components/addonManager.js:65
1507128454022	Marionette	INFO	Enabled via --marionette
2017-10-04 23:47:34.743 plugin-container[4502:1043359] *** CFMessagePort: bootstrap_register(): failed 1100 (0x44c) 'Permission denied', port = 0xa23b, name = 'com.apple.tsm.portname'
See /usr/include/servers/bootstrap_defs.h for the error codes.
2017-10-04 23:47:34.744 plugin-container[4502:1043359] *** CFMessagePort: bootstrap_register(): failed 1100 (0x44c) 'Permission denied', port = 0xa503, name = 'com.apple.CFPasteboardClient'
See /usr/include/servers/bootstrap_defs.h for the error codes.
1507128455036	Marionette	INFO	Listening on port 55640
1507128455096	Marionette	WARN	TLS certificate errors will be ignored for this session
1507128455123	Marionette	DEBUG	Register listener.js for window 2147483649
1507128455137	Marionette	DEBUG	Received DOM event "beforeunload" for "about:blank"
1507128455520	Marionette	DEBUG	Received DOM event "pagehide" for "about:blank"
1507128455521	Marionette	DEBUG	Received DOM event "unload" for "about:blank"
1507128455656	Marionette	DEBUG	Received DOM event "DOMContentLoaded" for "https://www.google.co.jp/?gfe_rd=cr&dcr=0&ei=iPTUWfWFGujZ8AeiibWQDQ&gws_rd=ssl"
1507128455925	Marionette	DEBUG	Received observer notification "outer-window-destroyed" for "2147483653"
1507128456052	Marionette	DEBUG	Received DOM event "pageshow" for "https://www.google.co.jp/?gfe_rd=cr&dcr=0&ei=iPTUWfWFGujZ8AeiibWQDQ&gws_rd=ssl"
1507128469577	geckodriver	INFO	Listening on 127.0.0.1:55699
1507128470631	geckodriver::marionette	INFO	Starting browser /Applications/Firefox.app/Contents/MacOS/firefox-bin with args ["-marionette"]
1507128470839	addons.xpi	WARN	Error parsing extensions state: [Exception... "Component returned failure code: 0x80520012 (NS_ERROR_FILE_NOT_FOUND) [amIAddonManagerStartup.readStartupData]"  nsresult: "0x80520012 (NS_ERROR_FILE_NOT_FOUND)"  location: "JS frame :: resource://gre/modules/addons/XPIProvider.jsm :: loadExtensionState :: line 1554"  data: no] Stack trace: loadExtensionState()@resource://gre/modules/addons/XPIProvider.jsm:1554 < getInstallState()@resource://gre/modules/addons/XPIProvider.jsm:1589 < checkForChanges()@resource://gre/modules/addons/XPIProvider.jsm:3109 < startup()@resource://gre/modules/addons/XPIProvider.jsm:2188 < callProvider()@resource://gre/modules/AddonManager.jsm:269 < _startProvider()@resource://gre/modules/AddonManager.jsm:739 < startup()@resource://gre/modules/AddonManager.jsm:906 < startup()@resource://gre/modules/AddonManager.jsm:3090 < observe()@jar:file:///Applications/Firefox.app/Contents/Resources/omni.ja!/components/addonManager.js:65
1507128471096	Marionette	INFO	Enabled via --marionette
2017-10-04 23:47:51.811 plugin-container[4530:1044416] *** CFMessagePort: bootstrap_register(): failed 1100 (0x44c) 'Permission denied', port = 0xa13b, name = 'com.apple.tsm.portname'
See /usr/include/servers/bootstrap_defs.h for the error codes.
2017-10-04 23:47:51.811 plugin-container[4530:1044416] *** CFMessagePort: bootstrap_register(): failed 1100 (0x44c) 'Permission denied', port = 0xa403, name = 'com.apple.CFPasteboardClient'
See /usr/include/servers/bootstrap_defs.h for the error codes.
1507128472104	Marionette	INFO	Listening on port 55708
1507128472179	Marionette	WARN	TLS certificate errors will be ignored for this session
1507128472207	Marionette	DEBUG	Register listener.js for window 2147483649
1507128472219	Marionette	DEBUG	Received DOM event "beforeunload" for "about:blank"
1507128472592	Marionette	DEBUG	Received DOM event "pagehide" for "about:blank"
1507128472593	Marionette	DEBUG	Received DOM event "unload" for "about:blank"
1507128472684	Marionette	DEBUG	Received DOM event "DOMContentLoaded" for "https://www.google.co.jp/?gfe_rd=cr&dcr=0&ei=mfTUWcPGHu_Z8AeZj5-4Bg&gws_rd=ssl"
1507128472977	Marionette	DEBUG	Received observer notification "outer-window-destroyed" for "2147483653"
1507128473087	Marionette	DEBUG	Received DOM event "pageshow" for "https://www.google.co.jp/?gfe_rd=cr&dcr=0&ei=mfTUWcPGHu_Z8AeZj5-4Bg&gws_rd=ssl"
[GFX1-]: Receive IPC close with reason=AbnormalShutdown
1507128482312	geckodriver	INFO	Listening on 127.0.0.1:55765
1507128483348	geckodriver::marionette	INFO	Starting browser /Applications/Firefox.app/Contents/MacOS/firefox-bin with args ["-marionette"]
1507128483560	addons.xpi	WARN	Error parsing extensions state: [Exception... "Component returned failure code: 0x80520012 (NS_ERROR_FILE_NOT_FOUND) [amIAddonManagerStartup.readStartupData]"  nsresult: "0x80520012 (NS_ERROR_FILE_NOT_FOUND)"  location: "JS frame :: resource://gre/modules/addons/XPIProvider.jsm :: loadExtensionState :: line 1554"  data: no] Stack trace: loadExtensionState()@resource://gre/modules/addons/XPIProvider.jsm:1554 < getInstallState()@resource://gre/modules/addons/XPIProvider.jsm:1589 < checkForChanges()@resource://gre/modules/addons/XPIProvider.jsm:3109 < startup()@resource://gre/modules/addons/XPIProvider.jsm:2188 < callProvider()@resource://gre/modules/AddonManager.jsm:269 < _startProvider()@resource://gre/modules/AddonManager.jsm:739 < startup()@resource://gre/modules/AddonManager.jsm:906 < startup()@resource://gre/modules/AddonManager.jsm:3090 < observe()@jar:file:///Applications/Firefox.app/Contents/Resources/omni.ja!/components/addonManager.js:65
1507128483824	Marionette	INFO	Enabled via --marionette
2017-10-04 23:48:04.531 plugin-container[4558:1045194] *** CFMessagePort: bootstrap_register(): failed 1100 (0x44c) 'Permission denied', port = 0xa23b, name = 'com.apple.tsm.portname'
See /usr/include/servers/bootstrap_defs.h for the error codes.
2017-10-04 23:48:04.532 plugin-container[4558:1045194] *** CFMessagePort: bootstrap_register(): failed 1100 (0x44c) 'Permission denied', port = 0xa503, name = 'com.apple.CFPasteboardClient'
See /usr/include/servers/bootstrap_defs.h for the error codes.
1507128484839	Marionette	INFO	Listening on port 55774
1507128484893	Marionette	WARN	TLS certificate errors will be ignored for this session
1507128484919	Marionette	DEBUG	Register listener.js for window 2147483649
1507128484930	Marionette	DEBUG	Received DOM event "beforeunload" for "about:blank"
1507128485295	Marionette	DEBUG	Received DOM event "pagehide" for "about:blank"
1507128485296	Marionette	DEBUG	Received DOM event "unload" for "about:blank"
1507128485392	Marionette	DEBUG	Received DOM event "DOMContentLoaded" for "https://www.google.co.jp/?gfe_rd=cr&dcr=0&ei=pvTUWaXsDOLZ8Afk9JfwBg&gws_rd=ssl"
1507128485666	Marionette	DEBUG	Received observer notification "outer-window-destroyed" for "2147483653"
1507128485801	Marionette	DEBUG	Received DOM event "pageshow" for "https://www.google.co.jp/?gfe_rd=cr&dcr=0&ei=pvTUWaXsDOLZ8Afk9JfwBg&gws_rd=ssl"
1507128539076	geckodriver	INFO	Listening on 127.0.0.1:55834
1507128540110	geckodriver::marionette	INFO	Starting browser /Applications/Firefox.app/Contents/MacOS/firefox-bin with args ["-marionette"]
1507128540312	addons.xpi	WARN	Error parsing extensions state: [Exception... "Component returned failure code: 0x80520012 (NS_ERROR_FILE_NOT_FOUND) [amIAddonManagerStartup.readStartupData]"  nsresult: "0x80520012 (NS_ERROR_FILE_NOT_FOUND)"  location: "JS frame :: resource://gre/modules/addons/XPIProvider.jsm :: loadExtensionState :: line 1554"  data: no] Stack trace: loadExtensionState()@resource://gre/modules/addons/XPIProvider.jsm:1554 < getInstallState()@resource://gre/modules/addons/XPIProvider.jsm:1589 < checkForChanges()@resource://gre/modules/addons/XPIProvider.jsm:3109 < startup()@resource://gre/modules/addons/XPIProvider.jsm:2188 < callProvider()@resource://gre/modules/AddonManager.jsm:269 < _startProvider()@resource://gre/modules/AddonManager.jsm:739 < startup()@resource://gre/modules/AddonManager.jsm:906 < startup()@resource://gre/modules/AddonManager.jsm:3090 < observe()@jar:file:///Applications/Firefox.app/Contents/Resources/omni.ja!/components/addonManager.js:65
1507128540569	Marionette	INFO	Enabled via --marionette
2017-10-04 23:49:01.200 plugin-container[4606:1046475] *** CFMessagePort: bootstrap_register(): failed 1100 (0x44c) 'Permission denied', port = 0xa23b, name = 'com.apple.tsm.portname'
See /usr/include/servers/bootstrap_defs.h for the error codes.
2017-10-04 23:49:01.200 plugin-container[4606:1046475] *** CFMessagePort: bootstrap_register(): failed 1100 (0x44c) 'Permission denied', port = 0xa503, name = 'com.apple.CFPasteboardClient'
See /usr/include/servers/bootstrap_defs.h for the error codes.
1507128541599	Marionette	INFO	Listening on port 55843
1507128541671	Marionette	WARN	TLS certificate errors will be ignored for this session
1507128541700	Marionette	DEBUG	Register listener.js for window 2147483649
1507128541711	Marionette	DEBUG	Received DOM event "beforeunload" for "about:blank"
1507128542093	Marionette	DEBUG	Received DOM event "pagehide" for "about:blank"
1507128542093	Marionette	DEBUG	Received DOM event "unload" for "about:blank"
1507128542186	Marionette	DEBUG	Received DOM event "DOMContentLoaded" for "https://www.google.co.jp/?gfe_rd=cr&dcr=0&ei=3vTUWczaPPHZ8AeTuKJw&gws_rd=ssl"
1507128542448	Marionette	DEBUG	Received observer notification "outer-window-destroyed" for "2147483653"
1507128542493	Marionette	DEBUG	Received DOM event "pageshow" for "https://www.google.co.jp/?gfe_rd=cr&dcr=0&ei=3vTUWczaPPHZ8AeTuKJw&gws_rd=ssl"
[GFX1-]: Receive IPC close with reason=AbnormalShutdown
1507128555882	geckodriver	INFO	Listening on 127.0.0.1:55905
1507128556921	geckodriver::marionette	INFO	Starting browser /Applications/Firefox.app/Contents/MacOS/firefox-bin with args ["-marionette"]
1507128557133	addons.xpi	WARN	Error parsing extensions state: [Exception... "Component returned failure code: 0x80520012 (NS_ERROR_FILE_NOT_FOUND) [amIAddonManagerStartup.readStartupData]"  nsresult: "0x80520012 (NS_ERROR_FILE_NOT_FOUND)"  location: "JS frame :: resource://gre/modules/addons/XPIProvider.jsm :: loadExtensionState :: line 1554"  data: no] Stack trace: loadExtensionState()@resource://gre/modules/addons/XPIProvider.jsm:1554 < getInstallState()@resource://gre/modules/addons/XPIProvider.jsm:1589 < checkForChanges()@resource://gre/modules/addons/XPIProvider.jsm:3109 < startup()@resource://gre/modules/addons/XPIProvider.jsm:2188 < callProvider()@resource://gre/modules/AddonManager.jsm:269 < _startProvider()@resource://gre/modules/AddonManager.jsm:739 < startup()@resource://gre/modules/AddonManager.jsm:906 < startup()@resource://gre/modules/AddonManager.jsm:3090 < observe()@jar:file:///Applications/Firefox.app/Contents/Resources/omni.ja!/components/addonManager.js:65
1507128557399	Marionette	INFO	Enabled via --marionette
2017-10-04 23:49:18.139 plugin-container[4636:1047511] *** CFMessagePort: bootstrap_register(): failed 1100 (0x44c) 'Permission denied', port = 0xa33b, name = 'com.apple.tsm.portname'
See /usr/include/servers/bootstrap_defs.h for the error codes.
2017-10-04 23:49:18.140 plugin-container[4636:1047511] *** CFMessagePort: bootstrap_register(): failed 1100 (0x44c) 'Permission denied', port = 0xa703, name = 'com.apple.CFPasteboardClient'
See /usr/include/servers/bootstrap_defs.h for the error codes.
1507128558465	Marionette	INFO	Listening on port 55914
1507128558490	Marionette	WARN	TLS certificate errors will be ignored for this session
1507128558525	Marionette	DEBUG	Register listener.js for window 2147483649
1507128558544	Marionette	DEBUG	Received DOM event "beforeunload" for "about:blank"
1507128558929	Marionette	DEBUG	Received DOM event "pagehide" for "about:blank"
1507128558930	Marionette	DEBUG	Received DOM event "unload" for "about:blank"
1507128559021	Marionette	DEBUG	Received DOM event "DOMContentLoaded" for "https://www.google.co.jp/?gfe_rd=cr&dcr=0&ei=7_TUWaKsMuXZ8AfxlZvwBA&gws_rd=ssl"
1507128559315	Marionette	DEBUG	Received observer notification "outer-window-destroyed" for "2147483653"
1507128559443	Marionette	DEBUG	Received DOM event "pageshow" for "https://www.google.co.jp/?gfe_rd=cr&dcr=0&ei=7_TUWaKsMuXZ8AfxlZvwBA&gws_rd=ssl"
1507128863767	geckodriver	INFO	Listening on 127.0.0.1:56108
1507128864807	geckodriver::marionette	INFO	Starting browser /Applications/Firefox.app/Contents/MacOS/firefox-bin with args ["-marionette"]
1507128865014	addons.xpi	WARN	Error parsing extensions state: [Exception... "Component returned failure code: 0x80520012 (NS_ERROR_FILE_NOT_FOUND) [amIAddonManagerStartup.readStartupData]"  nsresult: "0x80520012 (NS_ERROR_FILE_NOT_FOUND)"  location: "JS frame :: resource://gre/modules/addons/XPIProvider.jsm :: loadExtensionState :: line 1554"  data: no] Stack trace: loadExtensionState()@resource://gre/modules/addons/XPIProvider.jsm:1554 < getInstallState()@resource://gre/modules/addons/XPIProvider.jsm:1589 < checkForChanges()@resource://gre/modules/addons/XPIProvider.jsm:3109 < startup()@resource://gre/modules/addons/XPIProvider.jsm:2188 < callProvider()@resource://gre/modules/AddonManager.jsm:269 < _startProvider()@resource://gre/modules/AddonManager.jsm:739 < startup()@resource://gre/modules/AddonManager.jsm:906 < startup()@resource://gre/modules/AddonManager.jsm:3090 < observe()@jar:file:///Applications/Firefox.app/Contents/Resources/omni.ja!/components/addonManager.js:65
1507128865266	Marionette	INFO	Enabled via --marionette
2017-10-04 23:54:25.984 plugin-container[4784:1054604] *** CFMessagePort: bootstrap_register(): failed 1100 (0x44c) 'Permission denied', port = 0xa337, name = 'com.apple.tsm.portname'
See /usr/include/servers/bootstrap_defs.h for the error codes.
2017-10-04 23:54:25.984 plugin-container[4784:1054604] *** CFMessagePort: bootstrap_register(): failed 1100 (0x44c) 'Permission denied', port = 0xa603, name = 'com.apple.CFPasteboardClient'
See /usr/include/servers/bootstrap_defs.h for the error codes.
1507128866298	Marionette	INFO	Listening on port 56117
1507128866355	Marionette	WARN	TLS certificate errors will be ignored for this session
1507128866381	Marionette	DEBUG	Register listener.js for window 2147483649
1507128866395	Marionette	DEBUG	Received DOM event "beforeunload" for "about:blank"
1507128866772	Marionette	DEBUG	Received DOM event "pagehide" for "about:blank"
1507128866773	Marionette	DEBUG	Received DOM event "unload" for "about:blank"
1507128866857	Marionette	DEBUG	Received DOM event "DOMContentLoaded" for "https://www.google.co.jp/?gfe_rd=cr&dcr=0&ei=I_bUWabEKabU8Aef8J3ICg&gws_rd=ssl"
1507128867131	Marionette	DEBUG	Received observer notification "outer-window-destroyed" for "2147483653"
1507128867250	Marionette	DEBUG	Received DOM event "pageshow" for "https://www.google.co.jp/?gfe_rd=cr&dcr=0&ei=I_bUWabEKabU8Aef8J3ICg&gws_rd=ssl"
1507128921252	geckodriver	INFO	Listening on 127.0.0.1:56189
1507128922289	geckodriver::marionette	INFO	Starting browser /Applications/Firefox.app/Contents/MacOS/firefox-bin with args ["-marionette"]
1507128922498	addons.xpi	WARN	Error parsing extensions state: [Exception... "Component returned failure code: 0x80520012 (NS_ERROR_FILE_NOT_FOUND) [amIAddonManagerStartup.readStartupData]"  nsresult: "0x80520012 (NS_ERROR_FILE_NOT_FOUND)"  location: "JS frame :: resource://gre/modules/addons/XPIProvider.jsm :: loadExtensionState :: line 1554"  data: no] Stack trace: loadExtensionState()@resource://gre/modules/addons/XPIProvider.jsm:1554 < getInstallState()@resource://gre/modules/addons/XPIProvider.jsm:1589 < checkForChanges()@resource://gre/modules/addons/XPIProvider.jsm:3109 < startup()@resource://gre/modules/addons/XPIProvider.jsm:2188 < callProvider()@resource://gre/modules/AddonManager.jsm:269 < _startProvider()@resource://gre/modules/AddonManager.jsm:739 < startup()@resource://gre/modules/AddonManager.jsm:906 < startup()@resource://gre/modules/AddonManager.jsm:3090 < observe()@jar:file:///Applications/Firefox.app/Contents/Resources/omni.ja!/components/addonManager.js:65
1507128922749	Marionette	INFO	Enabled via --marionette
2017-10-04 23:55:23.395 plugin-container[4846:1056348] *** CFMessagePort: bootstrap_register(): failed 1100 (0x44c) 'Permission denied', port = 0xa13b, name = 'com.apple.tsm.portname'
See /usr/include/servers/bootstrap_defs.h for the error codes.
2017-10-04 23:55:23.396 plugin-container[4846:1056348] *** CFMessagePort: bootstrap_register(): failed 1100 (0x44c) 'Permission denied', port = 0xa403, name = 'com.apple.CFPasteboardClient'
See /usr/include/servers/bootstrap_defs.h for the error codes.
1507128923777	Marionette	INFO	Listening on port 56198
1507128923839	Marionette	WARN	TLS certificate errors will be ignored for this session
1507128923869	Marionette	DEBUG	Register listener.js for window 2147483649
1507128923882	Marionette	DEBUG	Received DOM event "beforeunload" for "about:blank"
1507128924263	Marionette	DEBUG	Received DOM event "pagehide" for "about:blank"
1507128924264	Marionette	DEBUG	Received DOM event "unload" for "about:blank"
1507128924402	Marionette	DEBUG	Received DOM event "DOMContentLoaded" for "https://www.google.co.jp/?gfe_rd=cr&dcr=0&ei=XfbUWZ_hCbDU8Ae8iZuYDA&gws_rd=ssl"
1507128924677	Marionette	DEBUG	Received observer notification "outer-window-destroyed" for "2147483653"
1507128924815	Marionette	DEBUG	Received DOM event "pageshow" for "https://www.google.co.jp/?gfe_rd=cr&dcr=0&ei=XfbUWZ_hCbDU8Ae8iZuYDA&gws_rd=ssl"
*** UTM:SVC TimerManager:registerTimer called after profile-before-change notification. Ignoring timer registration for id: telemetry_modules_ping
1507128972691	geckodriver	INFO	Listening on 127.0.0.1:56265
1507128973723	geckodriver::marionette	INFO	Starting browser /Applications/Firefox.app/Contents/MacOS/firefox-bin with args ["-marionette"]
1507128973942	addons.xpi	WARN	Error parsing extensions state: [Exception... "Component returned failure code: 0x80520012 (NS_ERROR_FILE_NOT_FOUND) [amIAddonManagerStartup.readStartupData]"  nsresult: "0x80520012 (NS_ERROR_FILE_NOT_FOUND)"  location: "JS frame :: resource://gre/modules/addons/XPIProvider.jsm :: loadExtensionState :: line 1554"  data: no] Stack trace: loadExtensionState()@resource://gre/modules/addons/XPIProvider.jsm:1554 < getInstallState()@resource://gre/modules/addons/XPIProvider.jsm:1589 < checkForChanges()@resource://gre/modules/addons/XPIProvider.jsm:3109 < startup()@resource://gre/modules/addons/XPIProvider.jsm:2188 < callProvider()@resource://gre/modules/AddonManager.jsm:269 < _startProvider()@resource://gre/modules/AddonManager.jsm:739 < startup()@resource://gre/modules/AddonManager.jsm:906 < startup()@resource://gre/modules/AddonManager.jsm:3090 < observe()@jar:file:///Applications/Firefox.app/Contents/Resources/omni.ja!/components/addonManager.js:65
1507128974201	Marionette	INFO	Enabled via --marionette
2017-10-04 23:56:14.916 plugin-container[4873:1058096] *** CFMessagePort: bootstrap_register(): failed 1100 (0x44c) 'Permission denied', port = 0xa33b, name = 'com.apple.tsm.portname'
See /usr/include/servers/bootstrap_defs.h for the error codes.
2017-10-04 23:56:14.917 plugin-container[4873:1058096] *** CFMessagePort: bootstrap_register(): failed 1100 (0x44c) 'Permission denied', port = 0xa603, name = 'com.apple.CFPasteboardClient'
See /usr/include/servers/bootstrap_defs.h for the error codes.
1507128975186	Marionette	INFO	Listening on port 56274
1507128975289	Marionette	WARN	TLS certificate errors will be ignored for this session
1507128975318	Marionette	DEBUG	Register listener.js for window 2147483649
1507128975331	Marionette	DEBUG	Received DOM event "beforeunload" for "about:blank"
1507128975710	Marionette	DEBUG	Received DOM event "pagehide" for "about:blank"
1507128975710	Marionette	DEBUG	Received DOM event "unload" for "about:blank"
1507128975797	Marionette	DEBUG	Received DOM event "DOMContentLoaded" for "https://www.google.co.jp/?gfe_rd=cr&dcr=0&ei=kPbUWfLVJebZ8AeosqGwBg&gws_rd=ssl"
1507128976107	Marionette	DEBUG	Received observer notification "outer-window-destroyed" for "2147483653"
1507128976250	Marionette	DEBUG	Received DOM event "pageshow" for "https://www.google.co.jp/?gfe_rd=cr&dcr=0&ei=kPbUWfLVJebZ8AeosqGwBg&gws_rd=ssl"
[GFX1-]: Receive IPC close with reason=AbnormalShutdown
1507129018210	geckodriver	INFO	Listening on 127.0.0.1:56341
1507129019250	geckodriver::marionette	INFO	Starting browser /Applications/Firefox.app/Contents/MacOS/firefox-bin with args ["-marionette"]
1507129019461	addons.xpi	WARN	Error parsing extensions state: [Exception... "Component returned failure code: 0x80520012 (NS_ERROR_FILE_NOT_FOUND) [amIAddonManagerStartup.readStartupData]"  nsresult: "0x80520012 (NS_ERROR_FILE_NOT_FOUND)"  location: "JS frame :: resource://gre/modules/addons/XPIProvider.jsm :: loadExtensionState :: line 1554"  data: no] Stack trace: loadExtensionState()@resource://gre/modules/addons/XPIProvider.jsm:1554 < getInstallState()@resource://gre/modules/addons/XPIProvider.jsm:1589 < checkForChanges()@resource://gre/modules/addons/XPIProvider.jsm:3109 < startup()@resource://gre/modules/addons/XPIProvider.jsm:2188 < callProvider()@resource://gre/modules/AddonManager.jsm:269 < _startProvider()@resource://gre/modules/AddonManager.jsm:739 < startup()@resource://gre/modules/AddonManager.jsm:906 < startup()@resource://gre/modules/AddonManager.jsm:3090 < observe()@jar:file:///Applications/Firefox.app/Contents/Resources/omni.ja!/components/addonManager.js:65
1507129019722	Marionette	INFO	Enabled via --marionette
2017-10-04 23:57:00.440 plugin-container[4901:1059390] *** CFMessagePort: bootstrap_register(): failed 1100 (0x44c) 'Permission denied', port = 0xa237, name = 'com.apple.tsm.portname'
See /usr/include/servers/bootstrap_defs.h for the error codes.
2017-10-04 23:57:00.441 plugin-container[4901:1059390] *** CFMessagePort: bootstrap_register(): failed 1100 (0x44c) 'Permission denied', port = 0xa503, name = 'com.apple.CFPasteboardClient'
See /usr/include/servers/bootstrap_defs.h for the error codes.
1507129020734	Marionette	INFO	Listening on port 56350
1507129020799	Marionette	WARN	TLS certificate errors will be ignored for this session
1507129020825	Marionette	DEBUG	Register listener.js for window 2147483649
1507129020836	Marionette	DEBUG	Received DOM event "beforeunload" for "about:blank"
1507129021200	Marionette	DEBUG	Received DOM event "pagehide" for "about:blank"
1507129021200	Marionette	DEBUG	Received DOM event "unload" for "about:blank"
1507129021292	Marionette	DEBUG	Received DOM event "DOMContentLoaded" for "https://www.google.co.jp/?gfe_rd=cr&dcr=0&ei=vvbUWZbuBvDZ8Ael4qOICA&gws_rd=ssl"
1507129021581	Marionette	DEBUG	Received observer notification "outer-window-destroyed" for "2147483653"
1507129021717	Marionette	DEBUG	Received DOM event "pageshow" for "https://www.google.co.jp/?gfe_rd=cr&dcr=0&ei=vvbUWZbuBvDZ8Ael4qOICA&gws_rd=ssl"
1507129223059	geckodriver	INFO	Listening on 127.0.0.1:56478
1507129224095	geckodriver::marionette	INFO	Starting browser /Applications/Firefox.app/Contents/MacOS/firefox-bin with args ["-marionette"]
1507129224305	addons.xpi	WARN	Error parsing extensions state: [Exception... "Component returned failure code: 0x80520012 (NS_ERROR_FILE_NOT_FOUND) [amIAddonManagerStartup.readStartupData]"  nsresult: "0x80520012 (NS_ERROR_FILE_NOT_FOUND)"  location: "JS frame :: resource://gre/modules/addons/XPIProvider.jsm :: loadExtensionState :: line 1554"  data: no] Stack trace: loadExtensionState()@resource://gre/modules/addons/XPIProvider.jsm:1554 < getInstallState()@resource://gre/modules/addons/XPIProvider.jsm:1589 < checkForChanges()@resource://gre/modules/addons/XPIProvider.jsm:3109 < startup()@resource://gre/modules/addons/XPIProvider.jsm:2188 < callProvider()@resource://gre/modules/AddonManager.jsm:269 < _startProvider()@resource://gre/modules/AddonManager.jsm:739 < startup()@resource://gre/modules/AddonManager.jsm:906 < startup()@resource://gre/modules/AddonManager.jsm:3090 < observe()@jar:file:///Applications/Firefox.app/Contents/Resources/omni.ja!/components/addonManager.js:65
1507129224563	Marionette	INFO	Enabled via --marionette
2017-10-05 00:00:25.344 plugin-container[5087:1064474] *** CFMessagePort: bootstrap_register(): failed 1100 (0x44c) 'Permission denied', port = 0xa23b, name = 'com.apple.tsm.portname'
See /usr/include/servers/bootstrap_defs.h for the error codes.
2017-10-05 00:00:25.345 plugin-container[5087:1064474] *** CFMessagePort: bootstrap_register(): failed 1100 (0x44c) 'Permission denied', port = 0xa507, name = 'com.apple.CFPasteboardClient'
See /usr/include/servers/bootstrap_defs.h for the error codes.
1507129225612	Marionette	INFO	Listening on port 56487
1507129225663	Marionette	WARN	TLS certificate errors will be ignored for this session
1507129225691	Marionette	DEBUG	Register listener.js for window 2147483649
1507129225707	Marionette	DEBUG	Received DOM event "beforeunload" for "about:blank"
1507129226088	Marionette	DEBUG	Received DOM event "pagehide" for "about:blank"
1507129226089	Marionette	DEBUG	Received DOM event "unload" for "about:blank"
1507129226189	Marionette	DEBUG	Received DOM event "DOMContentLoaded" for "https://www.google.co.jp/?gfe_rd=cr&dcr=0&ei=ivfUWZ2FPOHZ8AfjmZjwBg&gws_rd=ssl"
1507129226457	Marionette	DEBUG	Received observer notification "outer-window-destroyed" for "2147483653"
1507129226593	Marionette	DEBUG	Received DOM event "pageshow" for "https://www.google.co.jp/?gfe_rd=cr&dcr=0&ei=ivfUWZ2FPOHZ8AfjmZjwBg&gws_rd=ssl"
